<?xml version="1.0" encoding="UTF-8"?>
<robot generator="Robot 6.0.1 (Python 3.10.7 on win32)" generated="20221127 21:30:43.728" rpa="false" schemaversion="3">
<suite id="s1" name="Practice01" source="c:\Users\Admin\Desktop\Pratique01\testcases\practice01.robot">
<test id="s1-t1" name="Test1PositiveLogIn" line="8">
<kw name="connect to practice site" library="keywords">
<arg>${site}</arg>
<arg>${browser}</arg>
<kw name="Open Browser" library="SeleniumLibrary">
<arg>${site}</arg>
<arg>${browser}</arg>
<doc>Opens a new browser instance to the optional ``url``.</doc>
<msg timestamp="20221127 21:30:43.958" level="INFO">Opening browser 'gc' to base url 'https://practicetestautomation.com/practice-test-login/'.</msg>
<status status="PASS" starttime="20221127 21:30:43.958" endtime="20221127 21:30:46.420"/>
</kw>
<kw name="Maximize Browser Window" library="SeleniumLibrary">
<doc>Maximizes current browser window.</doc>
<status status="PASS" starttime="20221127 21:30:46.420" endtime="20221127 21:30:46.544"/>
</kw>
<status status="PASS" starttime="20221127 21:30:43.957" endtime="20221127 21:30:46.544"/>
</kw>
<kw name="log to site" library="keywords">
<arg>${user}</arg>
<arg>${pass}</arg>
<kw name="Sleep" library="BuiltIn">
<arg>2</arg>
<doc>Pauses the test executed for the given time.</doc>
<msg timestamp="20221127 21:30:48.559" level="INFO">Slept 2 seconds</msg>
<status status="PASS" starttime="20221127 21:30:46.545" endtime="20221127 21:30:48.559"/>
</kw>
<kw name="Input Text" library="SeleniumLibrary">
<arg>${userName}</arg>
<arg>${user}</arg>
<doc>Types the given ``text`` into the text field identified by ``locator``.</doc>
<msg timestamp="20221127 21:30:48.561" level="INFO">Typing text 'student' into text field 'xpath://input[@id='username']'.</msg>
<status status="PASS" starttime="20221127 21:30:48.559" endtime="20221127 21:30:48.637"/>
</kw>
<kw name="Input Password" library="SeleniumLibrary">
<arg>${password}</arg>
<arg>${pass}</arg>
<doc>Types the given password into the text field identified by ``locator``.</doc>
<msg timestamp="20221127 21:30:48.638" level="INFO">Typing password into text field 'xpath://input[@id='password']'.</msg>
<msg timestamp="20221127 21:30:48.675" level="INFO">Temporally setting log level to: NONE</msg>
<msg timestamp="20221127 21:30:48.716" level="INFO">Log level changed from NONE to INFO.</msg>
<status status="PASS" starttime="20221127 21:30:48.638" endtime="20221127 21:30:48.716"/>
</kw>
<kw name="Click Element" library="SeleniumLibrary">
<arg>${btn_Submit}</arg>
<doc>Click the element identified by ``locator``.</doc>
<msg timestamp="20221127 21:30:48.717" level="INFO">Clicking element 'xpath://button[@id='submit']'.</msg>
<status status="PASS" starttime="20221127 21:30:48.717" endtime="20221127 21:30:50.074"/>
</kw>
<kw name="Location Should Contain" library="SeleniumLibrary">
<arg>${pageLoggin}</arg>
<doc>Verifies that the current URL contains ``expected``.</doc>
<msg timestamp="20221127 21:30:50.080" level="INFO">Current location contains 'https://practicetestautomation.com/logged-in-successfully/'.</msg>
<status status="PASS" starttime="20221127 21:30:50.074" endtime="20221127 21:30:50.080"/>
</kw>
<kw name="Page Should Contain" library="SeleniumLibrary">
<arg>Congratulations student. You successfully logged in!</arg>
<doc>Verifies that current page contains ``text``.</doc>
<msg timestamp="20221127 21:30:50.094" level="INFO">Current page contains text 'Congratulations student. You successfully logged in!'.</msg>
<status status="PASS" starttime="20221127 21:30:50.080" endtime="20221127 21:30:50.094"/>
</kw>
<status status="PASS" starttime="20221127 21:30:46.545" endtime="20221127 21:30:50.095"/>
</kw>
<kw name="logout to site" library="keywords">
<arg>${LogOut}</arg>
<kw name="Click Link" library="SeleniumLibrary">
<arg>${LogOut}</arg>
<doc>Clicks a link identified by ``locator``.</doc>
<msg timestamp="20221127 21:30:50.096" level="INFO">Clicking link 'xpath://a[normalize-space()='Log out']'.</msg>
<status status="PASS" starttime="20221127 21:30:50.096" endtime="20221127 21:30:50.479"/>
</kw>
<kw name="Close Browser" library="SeleniumLibrary">
<doc>Closes the current browser.</doc>
<status status="PASS" starttime="20221127 21:30:50.479" endtime="20221127 21:30:52.604"/>
</kw>
<status status="PASS" starttime="20221127 21:30:50.095" endtime="20221127 21:30:52.604"/>
</kw>
<status status="PASS" starttime="20221127 21:30:43.956" endtime="20221127 21:30:52.605"/>
</test>
<test id="s1-t2" name="Test2Negativeusername" line="13">
<kw name="connect to practice site" library="keywords">
<arg>${site}</arg>
<arg>${browser}</arg>
<kw name="Open Browser" library="SeleniumLibrary">
<arg>${site}</arg>
<arg>${browser}</arg>
<doc>Opens a new browser instance to the optional ``url``.</doc>
<msg timestamp="20221127 21:30:52.609" level="INFO">Opening browser 'gc' to base url 'https://practicetestautomation.com/practice-test-login/'.</msg>
<status status="PASS" starttime="20221127 21:30:52.609" endtime="20221127 21:30:54.847"/>
</kw>
<kw name="Maximize Browser Window" library="SeleniumLibrary">
<doc>Maximizes current browser window.</doc>
<status status="PASS" starttime="20221127 21:30:54.847" endtime="20221127 21:30:54.959"/>
</kw>
<status status="PASS" starttime="20221127 21:30:52.608" endtime="20221127 21:30:54.959"/>
</kw>
<kw name="log with incorrectUser" library="keywords">
<arg>${incUser}</arg>
<arg>${pass}</arg>
<kw name="Sleep" library="BuiltIn">
<arg>2</arg>
<doc>Pauses the test executed for the given time.</doc>
<msg timestamp="20221127 21:30:56.966" level="INFO">Slept 2 seconds</msg>
<status status="PASS" starttime="20221127 21:30:54.961" endtime="20221127 21:30:56.966"/>
</kw>
<kw name="Input Text" library="SeleniumLibrary">
<arg>${userName}</arg>
<arg>${incUser}</arg>
<doc>Types the given ``text`` into the text field identified by ``locator``.</doc>
<msg timestamp="20221127 21:30:56.967" level="INFO">Typing text 'students' into text field 'xpath://input[@id='username']'.</msg>
<status status="PASS" starttime="20221127 21:30:56.966" endtime="20221127 21:30:57.041"/>
</kw>
<kw name="Input Password" library="SeleniumLibrary">
<arg>${password}</arg>
<arg>${pass}</arg>
<doc>Types the given password into the text field identified by ``locator``.</doc>
<msg timestamp="20221127 21:30:57.042" level="INFO">Typing password into text field 'xpath://input[@id='password']'.</msg>
<msg timestamp="20221127 21:30:57.077" level="INFO">Temporally setting log level to: NONE</msg>
<msg timestamp="20221127 21:30:57.121" level="INFO">Log level changed from NONE to INFO.</msg>
<status status="PASS" starttime="20221127 21:30:57.041" endtime="20221127 21:30:57.121"/>
</kw>
<kw name="Click Element" library="SeleniumLibrary">
<arg>${btn_Submit}</arg>
<doc>Click the element identified by ``locator``.</doc>
<msg timestamp="20221127 21:30:57.122" level="INFO">Clicking element 'xpath://button[@id='submit']'.</msg>
<status status="PASS" starttime="20221127 21:30:57.121" endtime="20221127 21:30:57.162"/>
</kw>
<kw name="Capture Element Screenshot" library="SeleniumLibrary">
<arg>//div[text()='Your username is invalid!']</arg>
<arg>./Screenshot/IncorrectUser.png</arg>
<doc>Captures a screenshot from the element identified by ``locator`` and embeds it into log file.</doc>
<msg timestamp="20221127 21:30:57.285" level="INFO" html="true">&lt;/td&gt;&lt;/tr&gt;&lt;tr&gt;&lt;td colspan="3"&gt;&lt;a href="Screenshot/IncorrectUser.png"&gt;&lt;img src="Screenshot/IncorrectUser.png" width="400px"&gt;&lt;/a&gt;</msg>
<status status="PASS" starttime="20221127 21:30:57.163" endtime="20221127 21:30:57.286"/>
</kw>
<kw name="Page Should Contain" library="SeleniumLibrary">
<arg>Your username is invalid!</arg>
<doc>Verifies that current page contains ``text``.</doc>
<msg timestamp="20221127 21:30:57.299" level="INFO">Current page contains text 'Your username is invalid!'.</msg>
<status status="PASS" starttime="20221127 21:30:57.286" endtime="20221127 21:30:57.299"/>
</kw>
<status status="PASS" starttime="20221127 21:30:54.960" endtime="20221127 21:30:57.299"/>
</kw>
<status status="PASS" starttime="20221127 21:30:52.607" endtime="20221127 21:30:57.301"/>
</test>
<test id="s1-t3" name="Test3NegativepassWord" line="17">
<kw name="connect to practice site" library="keywords">
<arg>${site}</arg>
<arg>${browser}</arg>
<kw name="Open Browser" library="SeleniumLibrary">
<arg>${site}</arg>
<arg>${browser}</arg>
<doc>Opens a new browser instance to the optional ``url``.</doc>
<msg timestamp="20221127 21:30:57.304" level="INFO">Opening browser 'gc' to base url 'https://practicetestautomation.com/practice-test-login/'.</msg>
<status status="PASS" starttime="20221127 21:30:57.304" endtime="20221127 21:30:59.572"/>
</kw>
<kw name="Maximize Browser Window" library="SeleniumLibrary">
<doc>Maximizes current browser window.</doc>
<status status="PASS" starttime="20221127 21:30:59.572" endtime="20221127 21:30:59.692"/>
</kw>
<status status="PASS" starttime="20221127 21:30:57.303" endtime="20221127 21:30:59.692"/>
</kw>
<kw name="log with incorrectPassword" library="keywords">
<arg>${user}</arg>
<arg>${incPass}</arg>
<kw name="Sleep" library="BuiltIn">
<arg>2</arg>
<doc>Pauses the test executed for the given time.</doc>
<msg timestamp="20221127 21:31:01.708" level="INFO">Slept 2 seconds</msg>
<status status="PASS" starttime="20221127 21:30:59.693" endtime="20221127 21:31:01.708"/>
</kw>
<kw name="Input Text" library="SeleniumLibrary">
<arg>${userName}</arg>
<arg>${user}</arg>
<doc>Types the given ``text`` into the text field identified by ``locator``.</doc>
<msg timestamp="20221127 21:31:01.709" level="INFO">Typing text 'student' into text field 'xpath://input[@id='username']'.</msg>
<status status="PASS" starttime="20221127 21:31:01.709" endtime="20221127 21:31:01.786"/>
</kw>
<kw name="Input Password" library="SeleniumLibrary">
<arg>${password}</arg>
<arg>${incPass}</arg>
<doc>Types the given password into the text field identified by ``locator``.</doc>
<msg timestamp="20221127 21:31:01.787" level="INFO">Typing password into text field 'xpath://input[@id='password']'.</msg>
<msg timestamp="20221127 21:31:01.823" level="INFO">Temporally setting log level to: NONE</msg>
<msg timestamp="20221127 21:31:01.865" level="INFO">Log level changed from NONE to INFO.</msg>
<status status="PASS" starttime="20221127 21:31:01.786" endtime="20221127 21:31:01.866"/>
</kw>
<kw name="Click Element" library="SeleniumLibrary">
<arg>${btn_Submit}</arg>
<doc>Click the element identified by ``locator``.</doc>
<msg timestamp="20221127 21:31:01.867" level="INFO">Clicking element 'xpath://button[@id='submit']'.</msg>
<status status="PASS" starttime="20221127 21:31:01.866" endtime="20221127 21:31:01.907"/>
</kw>
<kw name="Capture Element Screenshot" library="SeleniumLibrary">
<arg>//div[text()='Your password is invalid!']</arg>
<arg>./Screenshot/IncorrectPassword.png</arg>
<doc>Captures a screenshot from the element identified by ``locator`` and embeds it into log file.</doc>
<msg timestamp="20221127 21:31:02.035" level="INFO" html="true">&lt;/td&gt;&lt;/tr&gt;&lt;tr&gt;&lt;td colspan="3"&gt;&lt;a href="Screenshot/IncorrectPassword.png"&gt;&lt;img src="Screenshot/IncorrectPassword.png" width="400px"&gt;&lt;/a&gt;</msg>
<status status="PASS" starttime="20221127 21:31:01.907" endtime="20221127 21:31:02.035"/>
</kw>
<kw name="Page Should Contain" library="SeleniumLibrary">
<arg>Your password is invalid!</arg>
<doc>Verifies that current page contains ``text``.</doc>
<msg timestamp="20221127 21:31:02.047" level="INFO">Current page contains text 'Your password is invalid!'.</msg>
<status status="PASS" starttime="20221127 21:31:02.035" endtime="20221127 21:31:02.048"/>
</kw>
<status status="PASS" starttime="20221127 21:30:59.693" endtime="20221127 21:31:02.048"/>
</kw>
<status status="PASS" starttime="20221127 21:30:57.302" endtime="20221127 21:31:02.049"/>
</test>
<status status="PASS" starttime="20221127 21:30:43.733" endtime="20221127 21:31:02.051"/>
</suite>
<statistics>
<total>
<stat pass="3" fail="0" skip="0">All Tests</stat>
</total>
<tag>
</tag>
<suite>
<stat pass="3" fail="0" skip="0" id="s1" name="Practice01">Practice01</stat>
</suite>
</statistics>
<errors>
</errors>
</robot>
